Application Advisor CLI Version: 1.5.4
com.vmware.tanzu.spring.advisor.exceptions.ControlledException: org.springframework.web.client.HttpClientErrorException$NotFound: 404 Not Found: "{"description":"Unknown request","error_code":"CF-NotFound","code":10000}"
	at com.vmware.tanzu.spring.advisor.proc.CLITimerRunner.run(CLITimerRunner.java:48)
	at com.vmware.tanzu.spring.advisor.proc.CLITimerRunner.run(CLITimerRunner.java:20)
	at com.vmware.tanzu.spring.advisor.cli.tanzu.steps.Step.execute(Step.java:25)
	at com.vmware.tanzu.spring.advisor.cli.tanzu.steps.StepContext.executeSteps(StepContext.java:78)
	at com.vmware.tanzu.spring.advisor.cli.tanzu.advice.TnzCliAdviceListCommand.runCommand(TnzCliAdviceListCommand.java:95)
	at com.vmware.tanzu.spring.advisor.cli.support.Command.run(Command.java:16)
	at picocli.CommandLine.executeUserObject(CommandLine.java:2045)
	at picocli.CommandLine.access$1500(CommandLine.java:148)
	at picocli.CommandLine$RunLast.executeUserObjectOfLastSubcommandWithSameParent(CommandLine.java:2469)
	at picocli.CommandLine$RunLast.handle(CommandLine.java:2461)
	at picocli.CommandLine$RunLast.handle(CommandLine.java:2423)
	at picocli.CommandLine$AbstractParseResultHandler.execute(CommandLine.java:2277)
	at picocli.CommandLine$RunLast.execute(CommandLine.java:2425)
	at picocli.CommandLine.execute(CommandLine.java:2174)
	at com.vmware.tanzu.spring.advisor.cli.support.CommandLineApplicationRunner.run(CommandLineApplicationRunner.java:29)
	at org.springframework.boot.SpringApplication.lambda$callRunner$5(SpringApplication.java:788)
	at org.springframework.util.function.ThrowingConsumer$1.acceptWithException(ThrowingConsumer.java:82)
	at org.springframework.util.function.ThrowingConsumer.accept(ThrowingConsumer.java:60)
	at org.springframework.util.function.ThrowingConsumer$1.accept(ThrowingConsumer.java:86)
	at org.springframework.boot.SpringApplication.callRunner(SpringApplication.java:796)
	at org.springframework.boot.SpringApplication.callRunner(SpringApplication.java:787)
	at org.springframework.boot.SpringApplication.lambda$callRunners$3(SpringApplication.java:772)
	at java.base@24.0.2/java.util.stream.ForEachOps$ForEachOp$OfRef.accept(ForEachOps.java:186)
	at java.base@24.0.2/java.util.stream.SortedOps$SizedRefSortingSink.end(SortedOps.java:357)
	at java.base@24.0.2/java.util.stream.AbstractPipeline.copyInto(AbstractPipeline.java:571)
	at java.base@24.0.2/java.util.stream.AbstractPipeline.wrapAndCopyInto(AbstractPipeline.java:560)
	at java.base@24.0.2/java.util.stream.ForEachOps$ForEachOp.evaluateSequential(ForEachOps.java:153)
	at java.base@24.0.2/java.util.stream.ForEachOps$ForEachOp$OfRef.evaluateSequential(ForEachOps.java:176)
	at java.base@24.0.2/java.util.stream.AbstractPipeline.evaluate(AbstractPipeline.java:265)
	at java.base@24.0.2/java.util.stream.ReferencePipeline.forEach(ReferencePipeline.java:636)
	at org.springframework.boot.SpringApplication.callRunners(SpringApplication.java:772)
	at org.springframework.boot.SpringApplication.run(SpringApplication.java:325)
	at org.springframework.boot.SpringApplication.run(SpringApplication.java:1361)
	at org.springframework.boot.SpringApplication.run(SpringApplication.java:1350)
	at com.vmware.tanzu.spring.advisor.cli.tanzu.TanzuCliApplication.main(TanzuCliApplication.java:44)
	at java.base@24.0.2/java.lang.invoke.LambdaForm$DMH/sa346b79c.invokeStaticInit(LambdaForm$DMH)
Caused by: java.util.concurrent.ExecutionException: org.springframework.web.client.HttpClientErrorException$NotFound: 404 Not Found: "{"description":"Unknown request","error_code":"CF-NotFound","code":10000}"
	at java.base@24.0.2/java.util.concurrent.CompletableFuture.wrapInExecutionException(CompletableFuture.java:347)
	at java.base@24.0.2/java.util.concurrent.CompletableFuture.reportGet(CompletableFuture.java:442)
	at java.base@24.0.2/java.util.concurrent.CompletableFuture.get(CompletableFuture.java:2119)
	at com.vmware.tanzu.spring.advisor.proc.CLITimerRunner.run(CLITimerRunner.java:37)
	... 35 more
Caused by: org.springframework.web.client.HttpClientErrorException$NotFound: 404 Not Found: "{"description":"Unknown request","error_code":"CF-NotFound","code":10000}"
	at org.springframework.web.client.StatusHandler.lambda$defaultHandler$3(StatusHandler.java:86)
	at org.springframework.web.client.StatusHandler.handle(StatusHandler.java:146)
	at org.springframework.web.client.DefaultRestClient$DefaultResponseSpec.applyStatusHandlers(DefaultRestClient.java:838)
	at org.springframework.web.client.DefaultRestClient$DefaultResponseSpec.lambda$readBody$4(DefaultRestClient.java:827)
	at org.springframework.web.client.DefaultRestClient.readWithMessageConverters(DefaultRestClient.java:216)
	at org.springframework.web.client.DefaultRestClient$DefaultResponseSpec.readBody(DefaultRestClient.java:826)
	at org.springframework.web.client.DefaultRestClient$DefaultResponseSpec.lambda$body$0(DefaultRestClient.java:757)
	at org.springframework.web.client.DefaultRestClient$DefaultRequestBodyUriSpec.exchangeInternal(DefaultRestClient.java:586)
	at org.springframework.web.client.DefaultRestClient$DefaultRequestBodyUriSpec.exchange(DefaultRestClient.java:540)
	at org.springframework.web.client.RestClient$RequestHeadersSpec.exchange(RestClient.java:680)
	at org.springframework.web.client.DefaultRestClient$DefaultResponseSpec.executeAndExtract(DefaultRestClient.java:821)
	at org.springframework.web.client.DefaultRestClient$DefaultResponseSpec.body(DefaultRestClient.java:757)
	at com.vmware.tanzu.spring.advisor.platform.graphql.GraphqlClient.call(GraphqlClient.java:78)
	at com.vmware.tanzu.spring.advisor.platform.assessment.DefaultAssessmentsApi.findRepositories(DefaultAssessmentsApi.java:176)
	at com.vmware.tanzu.spring.advisor.platform.assessment.AssessmentsService.getRepositoriesWithAssessments(AssessmentsService.java:68)
	at com.vmware.tanzu.spring.advisor.cli.tanzu.steps.ResolvingLastAssessment.stepLogic(ResolvingLastAssessment.java:82)
	at com.vmware.tanzu.spring.advisor.cli.tanzu.steps.ResolvingLastAssessment.stepLogic(ResolvingLastAssessment.java:25)
	at com.vmware.tanzu.spring.advisor.cli.tanzu.steps.Step.lambda$execute$1(Step.java:27)
	at java.base@24.0.2/java.util.concurrent.CompletableFuture$AsyncSupply.run(CompletableFuture.java:1814)
	at java.base@24.0.2/java.util.concurrent.CompletableFuture$AsyncSupply.exec(CompletableFuture.java:1806)
	at java.base@24.0.2/java.util.concurrent.ForkJoinTask.doExec(ForkJoinTask.java:507)
	at java.base@24.0.2/java.util.concurrent.ForkJoinPool$WorkQueue.topLevelExec(ForkJoinPool.java:1394)
	at java.base@24.0.2/java.util.concurrent.ForkJoinPool.runWorker(ForkJoinPool.java:1970)
	at java.base@24.0.2/java.util.concurrent.ForkJoinWorkerThread.run(ForkJoinWorkerThread.java:187)
	at org.graalvm.nativeimage.builder/com.oracle.svm.core.thread.PlatformThreads.threadStartRoutine(PlatformThreads.java:832)
	at org.graalvm.nativeimage.builder/com.oracle.svm.core.thread.PlatformThreads.threadStartRoutine(PlatformThreads.java:808)
